d:\gameengineframeworksorpatterns\project_01\gameengine\gameengine\x64\debug\vc143.pdb
d:\gameengineframeworksorpatterns\project_01\gameengine\gameengine\x64\debug\vc143.idb
d:\gameengineframeworksorpatterns\project_01\gameengine\gameengine\x64\debug\cplayershipb.obj
d:\gameengineframeworksorpatterns\project_01\gameengine\gameengine\x64\debug\cplayershipa.obj
d:\gameengineframeworksorpatterns\project_01\gameengine\gameengine\x64\debug\cplayerprojectile.obj
d:\gameengineframeworksorpatterns\project_01\gameengine\gameengine\x64\debug\cplayerexplosion.obj
d:\gameengineframeworksorpatterns\project_01\gameengine\gameengine\x64\debug\cmothgreenalien.obj
d:\gameengineframeworksorpatterns\project_01\gameengine\gameengine\x64\debug\cmothbluealien.obj
d:\gameengineframeworksorpatterns\project_01\gameengine\gameengine\x64\debug\cgalagafactory.obj
d:\gameengineframeworksorpatterns\project_01\gameengine\gameengine\x64\debug\cgalaga.obj
d:\gameengineframeworksorpatterns\project_01\gameengine\gameengine\x64\debug\cenemyprojectile.obj
d:\gameengineframeworksorpatterns\project_01\gameengine\gameengine\x64\debug\cenemyexplosion.obj
d:\gameengineframeworksorpatterns\project_01\gameengine\gameengine\x64\debug\cbutterflyalien.obj
d:\gameengineframeworksorpatterns\project_01\gameengine\gameengine\x64\debug\cbeealien.obj
d:\gameengineframeworksorpatterns\project_01\gameengine\gameengine\x64\debug\cgalaga3d.obj
d:\gameengineframeworksorpatterns\project_01\gameengine\gameengine\x64\debug\source.obj
d:\gameengineframeworksorpatterns\project_01\gameengine\gameengine\x64\debug\glad.obj
d:\gameengineframeworksorpatterns\project_01\gameengine\gameengine\x64\debug\cscene.obj
d:\gameengineframeworksorpatterns\project_01\gameengine\gameengine\x64\debug\crendermodel.obj
d:\gameengineframeworksorpatterns\project_01\gameengine\gameengine\x64\debug\cplayer.obj
d:\gameengineframeworksorpatterns\project_01\gameengine\gameengine\x64\debug\cphysicsupdated.obj
d:\gameengineframeworksorpatterns\project_01\gameengine\gameengine\x64\debug\clightmover.obj
d:\gameengineframeworksorpatterns\project_01\gameengine\gameengine\x64\debug\clightmanager.obj
d:\gameengineframeworksorpatterns\project_01\gameengine\gameengine\x64\debug\caienemy.obj
d:\gameengineframeworksorpatterns\project_01\gameengine\gameengine\x64\debug\igalaga.obj
d:\gameengineframeworksorpatterns\project_01\gameengine\gameengine\x64\debug\cloadmodels.obj
d:\gameengineframeworksorpatterns\project_01\gameengine\gameengine\x64\debug\flycam.obj
d:\gameengineframeworksorpatterns\project_01\gameengine\gameengine\x64\debug\cvaomanager.obj
d:\gameengineframeworksorpatterns\project_01\gameengine\gameengine\x64\debug\cshadercompiler.obj
d:\gameengineframeworksorpatterns\project_01\gameengine\gameengine\x64\debug\cgalagafactory.h.ifc
d:\gameengineframeworksorpatterns\project_01\gameengine\gameengine\x64\debug\cgalagafactory.h.ifc.d.json
d:\gameengineframeworksorpatterns\project_01\gameengine\gameengine\x64\debug\cgalagafactory.h.obj
d:\gameengineframeworksorpatterns\project_01\gameengine\gameengine\x64\debug\gameengine.ilk
d:\gameengineframeworksorpatterns\project_01\gameengine\x64\debug\gameengine.exe
d:\gameengineframeworksorpatterns\project_01\gameengine\x64\debug\gameengine.pdb
d:\gameengineframeworksorpatterns\project_01\gameengine\gameengine\x64\debug\cgalagafactory.h.module.json
d:\gameengineframeworksorpatterns\project_01\gameengine\gameengine\x64\debug\gameengine.tlog\cl.command.1.tlog
d:\gameengineframeworksorpatterns\project_01\gameengine\gameengine\x64\debug\gameengine.tlog\cl.items.tlog
d:\gameengineframeworksorpatterns\project_01\gameengine\gameengine\x64\debug\gameengine.tlog\cl.read.1.tlog
d:\gameengineframeworksorpatterns\project_01\gameengine\gameengine\x64\debug\gameengine.tlog\cl.write.1.tlog
d:\gameengineframeworksorpatterns\project_01\gameengine\gameengine\x64\debug\gameengine.tlog\link.command.1.tlog
d:\gameengineframeworksorpatterns\project_01\gameengine\gameengine\x64\debug\gameengine.tlog\link.read.1.tlog
d:\gameengineframeworksorpatterns\project_01\gameengine\gameengine\x64\debug\gameengine.tlog\link.write.1.tlog
d:\gameengineframeworksorpatterns\project_01\gameengine\gameengine\x64\debug\gameengine_md.tlog\cl.command.1.tlog
d:\gameengineframeworksorpatterns\project_01\gameengine\gameengine\x64\debug\gameengine_md.tlog\microsoft.build.cpptasks.cl.read.1.tlog
d:\gameengineframeworksorpatterns\project_01\gameengine\gameengine\x64\debug\gameengine_md.tlog\microsoft.build.cpptasks.cl.write.1.tlog
