d:\gameengineframeworksorpatterns\project_01\gameengine\gameengine\x64\release\vc143.pdb
d:\gameengineframeworksorpatterns\project_01\gameengine\gameengine\x64\release\glad.obj
d:\gameengineframeworksorpatterns\project_01\gameengine\gameengine\x64\release\crendermodel.obj
d:\gameengineframeworksorpatterns\project_01\gameengine\gameengine\x64\release\cplayershipb.obj
d:\gameengineframeworksorpatterns\project_01\gameengine\gameengine\x64\release\cplayershipa.obj
d:\gameengineframeworksorpatterns\project_01\gameengine\gameengine\x64\release\cplayerprojectile.obj
d:\gameengineframeworksorpatterns\project_01\gameengine\gameengine\x64\release\cplayerexplosion.obj
d:\gameengineframeworksorpatterns\project_01\gameengine\gameengine\x64\release\cplayer.obj
d:\gameengineframeworksorpatterns\project_01\gameengine\gameengine\x64\release\cphysicsupdated.obj
d:\gameengineframeworksorpatterns\project_01\gameengine\gameengine\x64\release\cmothgreenalien.obj
d:\gameengineframeworksorpatterns\project_01\gameengine\gameengine\x64\release\cmothbluealien.obj
d:\gameengineframeworksorpatterns\project_01\gameengine\gameengine\x64\release\clightmover.obj
d:\gameengineframeworksorpatterns\project_01\gameengine\gameengine\x64\release\clightmanager.obj
d:\gameengineframeworksorpatterns\project_01\gameengine\gameengine\x64\release\cgalagafactory.obj
d:\gameengineframeworksorpatterns\project_01\gameengine\gameengine\x64\release\cgalaga3d.obj
d:\gameengineframeworksorpatterns\project_01\gameengine\gameengine\x64\release\cgalaga.obj
d:\gameengineframeworksorpatterns\project_01\gameengine\gameengine\x64\release\cenemyprojectile.obj
d:\gameengineframeworksorpatterns\project_01\gameengine\gameengine\x64\release\cenemyexplosion.obj
d:\gameengineframeworksorpatterns\project_01\gameengine\gameengine\x64\release\cbutterflyalien.obj
d:\gameengineframeworksorpatterns\project_01\gameengine\gameengine\x64\release\cbeealien.obj
d:\gameengineframeworksorpatterns\project_01\gameengine\gameengine\x64\release\caienemy.obj
d:\gameengineframeworksorpatterns\project_01\gameengine\gameengine\x64\release\source.obj
d:\gameengineframeworksorpatterns\project_01\gameengine\gameengine\x64\release\cloadmodels.obj
d:\gameengineframeworksorpatterns\project_01\gameengine\gameengine\x64\release\flycam.obj
d:\gameengineframeworksorpatterns\project_01\gameengine\gameengine\x64\release\cvaomanager.obj
d:\gameengineframeworksorpatterns\project_01\gameengine\gameengine\x64\release\cshadercompiler.obj
d:\gameengineframeworksorpatterns\project_01\gameengine\gameengine\x64\release\cscene.obj
d:\gameengineframeworksorpatterns\project_01\gameengine\x64\release\gameengine.exe
d:\gameengineframeworksorpatterns\project_01\gameengine\gameengine\x64\release\gameengine.ipdb
d:\gameengineframeworksorpatterns\project_01\gameengine\x64\release\gameengine.pdb
d:\gameengineframeworksorpatterns\project_01\gameengine\gameengine\x64\release\gameengine.iobj
d:\gameengineframeworksorpatterns\project_01\gameengine\gameengine\x64\release\gameengine.tlog\cl.command.1.tlog
d:\gameengineframeworksorpatterns\project_01\gameengine\gameengine\x64\release\gameengine.tlog\cl.items.tlog
d:\gameengineframeworksorpatterns\project_01\gameengine\gameengine\x64\release\gameengine.tlog\cl.read.1.tlog
d:\gameengineframeworksorpatterns\project_01\gameengine\gameengine\x64\release\gameengine.tlog\cl.write.1.tlog
d:\gameengineframeworksorpatterns\project_01\gameengine\gameengine\x64\release\gameengine.tlog\link.command.1.tlog
d:\gameengineframeworksorpatterns\project_01\gameengine\gameengine\x64\release\gameengine.tlog\link.read.1.tlog
d:\gameengineframeworksorpatterns\project_01\gameengine\gameengine\x64\release\gameengine.tlog\link.write.1.tlog
